<?xml version="1.0" encoding="utf-8"?><testsuites name="pytest tests"><testsuite name="pytest" errors="0" failures="0" skipped="0" tests="13" time="7.633" timestamp="2026-08-27T00:48:28.942441+00:00" hostname="agent-env-315d9fe4-c6c3-4992-8f29-44dedcb3a676"><testcase classname="tests.test_new_features.TestTTS" name="test_tts_valid" time="2.666" /><testcase classname="tests.test_new_features.TestEventMetadata" name="test_event_has_metadata[civ-mongol]" time="2.679" /><testcase classname="tests.test_new_features.TestTTS" name="test_tts_empty_text" time="0.064" /><testcase classname="tests.test_new_features.TestEventMetadata" name="test_event_has_metadata[civ-ottoman]" time="0.119" /><testcase classname="tests.test_new_features.TestTTS" name="test_tts_whitespace_text" time="0.095" /><testcase classname="tests.test_new_features.TestEventMetadata" name="test_event_has_metadata[tech-gutenberg]" time="0.114" /><testcase classname="tests.test_new_features.TestTTS" name="test_tts_invalid_voice_falls_back" time="3.620" /><testcase classname="tests.test_new_features.TestEventMetadata" name="test_event_has_metadata[tech-web]" time="3.543" /><testcase classname="tests.test_new_features.TestRegression" name="test_root" time="0.059" /><testcase classname="tests.test_new_features.TestEventMetadata" name="test_related_ids_resolvable" time="0.583" /><testcase classname="tests.test_new_features.TestRegression" name="test_events" time="0.086" /><testcase classname="tests.test_new_features.TestEmpires" name="test_empires_shape" time="0.056" /><testcase classname="tests.test_new_features.TestArcs" name="test_arcs_shape" time="0.071" /></testsuite></testsuites>