<?xml version="1.0" encoding="utf-8"?><testsuites name="pytest tests"><testsuite name="pytest" errors="0" failures="0" skipped="0" tests="8" time="4.463" timestamp="2026-07-25T04:27:12.677827+00:00" hostname="agent-env-315d9fe4-c6c3-4992-8f29-44dedcb3a676"><testcase classname="tests.test_new_features.TestRegression" name="test_root" time="2.171" /><testcase classname="tests.test_new_features.TestTTS" name="test_tts_valid" time="2.154" /><testcase classname="tests.test_new_features.TestTTS" name="test_tts_empty_text" time="0.082" /><testcase classname="tests.test_new_features.TestRegression" name="test_events" time="0.052" /><testcase classname="tests.test_new_features.TestArcs" name="test_arcs_shape" time="0.050" /><testcase classname="tests.test_new_features.TestTTS" name="test_tts_whitespace_text" time="0.083" /><testcase classname="tests.test_new_features.TestEmpires" name="test_empires_shape" time="0.050" /><testcase classname="tests.test_new_features.TestTTS" name="test_tts_invalid_voice_falls_back" time="1.838" /></testsuite></testsuites>