<?xml version="1.0" encoding="utf-8"?><testsuites name="pytest tests"><testsuite name="pytest" errors="0" failures="0" skipped="0" tests="8" time="5.666" timestamp="2026-07-25T04:23:24.802903+00:00" hostname="agent-env-315d9fe4-c6c3-4992-8f29-44dedcb3a676"><testcase classname="tests.test_new_features.TestRegression" name="test_root" time="0.247" /><testcase classname="tests.test_new_features.TestTTS" name="test_tts_valid" time="2.992" /><testcase classname="tests.test_new_features.TestRegression" name="test_events" time="2.726" /><testcase classname="tests.test_new_features.TestArcs" name="test_arcs_shape" time="0.068" /><testcase classname="tests.test_new_features.TestTTS" name="test_tts_empty_text" time="0.046" /><testcase classname="tests.test_new_features.TestTTS" name="test_tts_whitespace_text" time="0.045" /><testcase classname="tests.test_new_features.TestEmpires" name="test_empires_shape" time="0.044" /><testcase classname="tests.test_new_features.TestTTS" name="test_tts_invalid_voice_falls_back" time="2.204" /></testsuite></testsuites>