<?xml version="1.0" encoding="utf-8"?><testsuites name="pytest tests"><testsuite name="pytest" errors="0" failures="0" skipped="0" tests="20" time="6.990" timestamp="2026-08-27T00:38:46.531128+00:00" hostname="agent-env-315d9fe4-c6c3-4992-8f29-44dedcb3a676"><testcase classname="tests.test_share_cards.TestRegression" name="test_events" time="0.176" /><testcase classname="tests.test_share_cards.TestShareHtml" name="test_share_meta_tags" time="0.223" /><testcase classname="tests.test_share_cards.TestRegression" name="test_arcs" time="0.063" /><testcase classname="tests.test_share_cards.TestShareHtml" name="test_share_redirect_to_spa" time="0.114" /><testcase classname="tests.test_share_cards.TestRegression" name="test_root" time="0.083" /><testcase classname="tests.test_share_cards.TestRegression" name="test_empires" time="0.074" /><testcase classname="tests.test_share_cards.TestShareHtml" name="test_share_og_urls_use_public_host" time="0.111" /><testcase classname="tests.test_share_cards.TestRegression" name="test_expand_streams" time="2.431" /><testcase classname="tests.test_share_cards.TestShareHtml" name="test_share_og_image_url_fetchable" time="0.584" /><testcase classname="tests.test_share_cards.TestShareHtml" name="test_share_without_year_uses_event_year" time="0.103" /><testcase classname="tests.test_share_cards.TestShareHtml" name="test_share_urls_exactly_match_public_origin" time="0.100" /><testcase classname="tests.test_share_cards.TestShareHtml" name="test_share_html_escaping" time="0.122" /><testcase classname="tests.test_share_cards.TestShareHtml" name="test_share_dest_loads_spa" time="0.193" /><testcase classname="tests.test_share_cards.TestShareHtml" name="test_share_invalid_event_404" time="0.129" /><testcase classname="tests.test_share_cards.TestRegression" name="test_tts" time="2.481" /><testcase classname="tests.test_share_cards.TestOgCard" name="test_og_valid_event" time="0.220" /><testcase classname="tests.test_share_cards.TestOgCard" name="test_og_dimensions" time="0.369" /><testcase classname="tests.test_share_cards.TestOgCard" name="test_og_invalid_event_404" time="0.078" /><testcase classname="tests.test_share_cards.TestOgCard" name="test_og_missing_param_422" time="0.086" /><testcase classname="tests.test_share_cards.TestOgCard" name="test_og_cache_header" time="0.349" /></testsuite></testsuites>